The system is: Windows - 10.0.18362 - AMD64
Compiling the C compiler identification source file "CMakeCCompilerId.c" succeeded.
Compiler: H:/software/visual_studio2019/VC/Tools/MSVC/14.26.28801/bin/HostX64/x64/cl.exe 
Build flags: 
Id flags:  

The output was:
0
用于 x64 的 Microsoft (R) C/C++ 优化编译器 19.26.28806 版
版权所有(C) Microsoft Corporation。保留所有权利。

CMakeCCompilerId.c
Microsoft (R) Incremental Linker Version 14.26.28806.0
Copyright (C) Microsoft Corporation.  All rights reserved.

/out:CMakeCCompilerId.exe 
CMakeCCompilerId.obj 


Compilation of the C compiler identification source "CMakeCCompilerId.c" produced "CMakeCCompilerId.exe"

Compilation of the C compiler identification source "CMakeCCompilerId.c" produced "CMakeCCompilerId.obj"

The C compiler identification is MSVC, found in "F:/cpp/vs_code/rtsp/out/build/x64-Release/CMakeFiles/3.17.20032601-MSVC_2/CompilerIdC/CMakeCCompilerId.exe"

Compiling the CXX compiler identification source file "CMakeCXXCompilerId.cpp" succeeded.
Compiler: H:/software/visual_studio2019/VC/Tools/MSVC/14.26.28801/bin/HostX64/x64/cl.exe 
Build flags: 
Id flags:  

The output was:
0
用于 x64 的 Microsoft (R) C/C++ 优化编译器 19.26.28806 版
版权所有(C) Microsoft Corporation。保留所有权利。

CMakeCXXCompilerId.cpp
Microsoft (R) Incremental Linker Version 14.26.28806.0
Copyright (C) Microsoft Corporation.  All rights reserved.

/out:CMakeCXXCompilerId.exe 
CMakeCXXCompilerId.obj 


Compilation of the CXX compiler identification source "CMakeCXXCompilerId.cpp" produced "CMakeCXXCompilerId.exe"

Compilation of the CXX compiler identification source "CMakeCXXCompilerId.cpp" produced "CMakeCXXCompilerId.obj"

The CXX compiler identification is MSVC, found in "F:/cpp/vs_code/rtsp/out/build/x64-Release/CMakeFiles/3.17.20032601-MSVC_2/CompilerIdCXX/CMakeCXXCompilerId.exe"

Determining if the C compiler works passed with the following output:
Change Dir: F:/cpp/vs_code/rtsp/out/build/x64-Release/CMakeFiles/CMakeTmp

Run Build Command(s):H:\SOFTWARE\VISUAL_STUDIO2019\COMMON7\IDE\COMMONEXTENSIONS\MICROSOFT\CMAKE\Ninja\ninja.exe cmTC_4c945 && [1/2] Building C object CMakeFiles\cmTC_4c945.dir\testCCompiler.c.obj
[2/2] Linking C executable cmTC_4c945.exe



Detecting C compiler ABI info compiled with the following output:
Change Dir: F:/cpp/vs_code/rtsp/out/build/x64-Release/CMakeFiles/CMakeTmp

Run Build Command(s):H:\SOFTWARE\VISUAL_STUDIO2019\COMMON7\IDE\COMMONEXTENSIONS\MICROSOFT\CMAKE\Ninja\ninja.exe cmTC_5767f && [1/2] Building C object CMakeFiles\cmTC_5767f.dir\CMakeCCompilerABI.c.obj
[2/2] Linking C executable cmTC_5767f.exe



Determining if the CXX compiler works passed with the following output:
Change Dir: F:/cpp/vs_code/rtsp/out/build/x64-Release/CMakeFiles/CMakeTmp

Run Build Command(s):H:\SOFTWARE\VISUAL_STUDIO2019\COMMON7\IDE\COMMONEXTENSIONS\MICROSOFT\CMAKE\Ninja\ninja.exe cmTC_b6a6e && [1/2] Building CXX object CMakeFiles\cmTC_b6a6e.dir\testCXXCompiler.cxx.obj
[2/2] Linking CXX executable cmTC_b6a6e.exe



Detecting CXX compiler ABI info compiled with the following output:
Change Dir: F:/cpp/vs_code/rtsp/out/build/x64-Release/CMakeFiles/CMakeTmp

Run Build Command(s):H:\SOFTWARE\VISUAL_STUDIO2019\COMMON7\IDE\COMMONEXTENSIONS\MICROSOFT\CMAKE\Ninja\ninja.exe cmTC_b31dd && [1/2] Building CXX object CMakeFiles\cmTC_b31dd.dir\CMakeCXXCompilerABI.cpp.obj
[2/2] Linking CXX executable cmTC_b31dd.exe



